[01m[K/home/taishawn/ros2bot_ws/src/ros_2_bot_cpp/src/simple_parameter.cpp:23:25:[m[K [01;31m[Kerror: [m[Kâ€˜[01m[KMsg[m[Kâ€™ in namespace â€˜[01m[Krcl_interfaces[m[Kâ€™ does not name a type; did you mean â€˜[01m[Kmsg[m[Kâ€™?
   23 |         rcl_interfaces::[01;31m[KMsg[m[K::SetParametersResult paramChangeCallback(const std::vector<rclcpp::Parameter> &parameters)  //define the parameterChangeCallback function did this after assigning it to teh simple paramter
      |                         [01;31m[K^~~[m[K
      |                         [32m[Kmsg[m[K
[01m[K/home/taishawn/ros2bot_ws/src/ros_2_bot_cpp/src/simple_parameter.cpp:49:2:[m[K [01;31m[Kerror: [m[Kexpected â€˜[01m[K;[m[Kâ€™ after class definition
   49 | }
      |  [01;31m[K^[m[K
      |  [32m[K;[m[K
[01m[K/home/taishawn/ros2bot_ws/src/ros_2_bot_cpp/src/simple_parameter.cpp:[m[K In constructor â€˜[01m[KSimpleParameter::SimpleParameter()[m[Kâ€™:
[01m[K/home/taishawn/ros2bot_ws/src/ros_2_bot_cpp/src/simple_parameter.cpp:14:31:[m[K [01;31m[Kerror: [m[Kâ€˜[01m[Kstring[m[Kâ€™ was not declared in this scope
   14 |             declare_parameter<[01;31m[Kstring[m[K>("simple_string_param", "Taishawn");//samthing as above but a string
      |                               [01;31m[K^~~~~~[m[K
[01m[K/home/taishawn/ros2bot_ws/src/ros_2_bot_cpp/src/simple_parameter.cpp:14:31:[m[K [01;36m[Knote: [m[Ksuggested alternatives:
In file included from [01m[K/usr/include/c++/11/iosfwd:39[m[K,
                 from [01m[K/usr/include/c++/11/bits/shared_ptr.h:52[m[K,
                 from [01m[K/usr/include/c++/11/memory:77[m[K,
                 from [01m[K/opt/ros/humble/include/rclcpp/rclcpp/rclcpp.hpp:153[m[K,
                 from [01m[K/home/taishawn/ros2bot_ws/src/ros_2_bot_cpp/src/simple_parameter.cpp:1[m[K:
[01m[K/usr/include/c++/11/bits/stringfwd.h:79:33:[m[K [01;36m[Knote: [m[K  â€˜[01m[Kstd::string[m[Kâ€™
   79 |   typedef basic_string<char>    [01;36m[Kstring[m[K;
      |                                 [01;36m[K^~~~~~[m[K
In file included from [01m[K/usr/include/c++/11/stdexcept:39[m[K,
                 from [01m[K/usr/include/c++/11/system_error:41[m[K,
                 from [01m[K/usr/include/c++/11/mutex:42[m[K,
                 from [01m[K/usr/include/c++/11/future:38[m[K,
                 from [01m[K/opt/ros/humble/include/rclcpp/rclcpp/executors.hpp:18[m[K,
                 from [01m[K/opt/ros/humble/include/rclcpp/rclcpp/rclcpp.hpp:155[m[K,
                 from [01m[K/home/taishawn/ros2bot_ws/src/ros_2_bot_cpp/src/simple_parameter.cpp:1[m[K:
[01m[K/usr/include/c++/11/string:67:11:[m[K [01;36m[Knote: [m[K  â€˜[01m[Kstd::pmr::string[m[Kâ€™
   67 |     using [01;36m[Kstring[m[K    = basic_string<char>;
      |           [01;36m[K^~~~~~[m[K
[01m[K/home/taishawn/ros2bot_ws/src/ros_2_bot_cpp/src/simple_parameter.cpp:14:38:[m[K [01;31m[Kerror: [m[Kno matching function for call to â€˜[01m[KSimpleParameter::declare_parameter<<expression error> >(const char [20], const char [9])[m[Kâ€™
   14 |             [01;31m[Kdeclare_parameter<string>("simple_string_param", "Taishawn")[m[K;//samthing as above but a string
      |             [01;31m[K~~~~~~~~~~~~~~~~~~~~~~~~~^~~~~~~~~~~~~~~~~~~~~~~~~~~~~~~~~~~[m[K
In file included from [01m[K/opt/ros/humble/include/rclcpp/rclcpp/node.hpp:1321[m[K,
                 from [01m[K/opt/ros/humble/include/rclcpp/rclcpp/executors/single_threaded_executor.hpp:28[m[K,
                 from [01m[K/opt/ros/humble/include/rclcpp/rclcpp/executors.hpp:22[m[K,
                 from [01m[K/opt/ros/humble/include/rclcpp/rclcpp/rclcpp.hpp:155[m[K,
                 from [01m[K/home/taishawn/ros2bot_ws/src/ros_2_bot_cpp/src/simple_parameter.cpp:1[m[K:
[01m[K/opt/ros/humble/include/rclcpp/rclcpp/node_impl.hpp:195:1:[m[K [01;36m[Knote: [m[Kcandidate: â€˜[01m[Ktemplate<class ParameterT> auto rclcpp::Node::declare_parameter(const string&, const ParameterT&, const ParameterDescriptor&, bool)[m[Kâ€™
  195 | [01;36m[KNode[m[K::declare_parameter(
      | [01;36m[K^~~~[m[K
[01m[K/opt/ros/humble/include/rclcpp/rclcpp/node_impl.hpp:195:1:[m[K [01;36m[Knote: [m[K  template argument deduction/substitution failed:
[01m[K/home/taishawn/ros2bot_ws/src/ros_2_bot_cpp/src/simple_parameter.cpp:14:38:[m[K [01;31m[Kerror: [m[Ktemplate argument 1 is invalid
   14 |             [01;31m[Kdeclare_parameter<string>("simple_string_param", "Taishawn")[m[K;//samthing as above but a string
      |             [01;31m[K~~~~~~~~~~~~~~~~~~~~~~~~~^~~~~~~~~~~~~~~~~~~~~~~~~~~~~~~~~~~[m[K
In file included from [01m[K/opt/ros/humble/include/rclcpp/rclcpp/executors/single_threaded_executor.hpp:28[m[K,
                 from [01m[K/opt/ros/humble/include/rclcpp/rclcpp/executors.hpp:22[m[K,
                 from [01m[K/opt/ros/humble/include/rclcpp/rclcpp/rclcpp.hpp:155[m[K,
                 from [01m[K/home/taishawn/ros2bot_ws/src/ros_2_bot_cpp/src/simple_parameter.cpp:1[m[K:
[01m[K/opt/ros/humble/include/rclcpp/rclcpp/node.hpp:434:3:[m[K [01;36m[Knote: [m[Kcandidate: â€˜[01m[Ktemplate<class ParameterT> auto rclcpp::Node::declare_parameter(const string&, const ParameterDescriptor&, bool)[m[Kâ€™
  434 |   [01;36m[Kdeclare_parameter[m[K(
      |   [01;36m[K^~~~~~~~~~~~~~~~~[m[K
[01m[K/opt/ros/humble/include/rclcpp/rclcpp/node.hpp:434:3:[m[K [01;36m[Knote: [m[K  template argument deduction/substitution failed:
[01m[K/home/taishawn/ros2bot_ws/src/ros_2_bot_cpp/src/simple_parameter.cpp:14:38:[m[K [01;31m[Kerror: [m[Ktemplate argument 1 is invalid
   14 |             [01;31m[Kdeclare_parameter<string>("simple_string_param", "Taishawn")[m[K;//samthing as above but a string
      |             [01;31m[K~~~~~~~~~~~~~~~~~~~~~~~~~^~~~~~~~~~~~~~~~~~~~~~~~~~~~~~~~~~~[m[K
[01m[K/home/taishawn/ros2bot_ws/src/ros_2_bot_cpp/src/simple_parameter.cpp:17:94:[m[K [01;31m[Kerror: [m[Kâ€˜[01m[KparamChangeCallback[m[Kâ€™ is not a member of â€˜[01m[KSimpleParameter[m[Kâ€™
   17 |         param_callback_handle_ =  add_on_set_parameters_callback(std::bind(&SimpleParameter::[01;31m[KparamChangeCallback[m[K), this, _1);//callback is executed when one or more parameters that are deffined are changed
      |                                                                                              [01;31m[K^~~~~~~~~~~~~~~~~~~[m[K
[01m[K/home/taishawn/ros2bot_ws/src/ros_2_bot_cpp/src/simple_parameter.cpp:[m[K In function â€˜[01m[Kint main(int, char**)[m[Kâ€™:
[01m[K/home/taishawn/ros2bot_ws/src/ros_2_bot_cpp/src/simple_parameter.cpp:57:13:[m[K [01;31m[Kerror: [m[Kâ€˜[01m[Kshuttdown[m[Kâ€™ is not a member of â€˜[01m[Krclcpp[m[Kâ€™; did you mean â€˜[01m[Kshutdown[m[Kâ€™?
   57 |     rclcpp::[01;31m[Kshuttdown[m[K();
      |             [01;31m[K^~~~~~~~~[m[K
      |             [32m[Kshutdown[m[K
gmake[2]: *** [CMakeFiles/simple_parameter.dir/build.make:76: CMakeFiles/simple_parameter.dir/src/simple_parameter.cpp.o] Error 1
gmake[1]: *** [CMakeFiles/Makefile2:193: CMakeFiles/simple_parameter.dir/all] Error 2
gmake: *** [Makefile:146: all] Error 2
