[0.007s] Invoking command in '/home/taishawn/ros2bot_ws/build/ros_2_bot_cpp': CMAKE_PREFIX_PATH=${CMAKE_PREFIX_PATH}:/opt/ros/humble /usr/bin/cmake --build /home/taishawn/ros2bot_ws/build/ros_2_bot_cpp -- -j24 -l24
[0.036s] [ 16%] [32mBuilding CXX object CMakeFiles/simple_parameter.dir/src/simple_parameter.cpp.o[0m
[0.039s] [ 50%] Built target simple_publisher
[0.039s] [ 83%] Built target simple_subscriber
[1.237s] [01m[K/home/taishawn/ros2bot_ws/src/ros_2_bot_cpp/src/simple_parameter.cpp:23:9:[m[K [01;31m[Kerror: [m[Kâ€˜[01m[KOnSetParameterCallbackHandle[m[Kâ€™ does not name a type; did you mean â€˜[01m[KOnSetParametersCallbackHandle[m[Kâ€™?
[1.237s]    23 |         [01;31m[KOnSetParameterCallbackHandle[m[K::sharedPtr param_callback_handle_; //hoisted to add_on_set_parameters_callback to add the output of it assigned to param_callback_handle
[1.237s]       |         [01;31m[K^~~~~~~~~~~~~~~~~~~~~~~~~~~~[m[K
[1.237s]       |         [32m[KOnSetParametersCallbackHandle[m[K
[1.237s] [01m[K/home/taishawn/ros2bot_ws/src/ros_2_bot_cpp/src/simple_parameter.cpp:24:25:[m[K [01;31m[Kerror: [m[Kâ€˜[01m[KMsg[m[Kâ€™ in namespace â€˜[01m[Krcl_interfaces[m[Kâ€™ does not name a type; did you mean â€˜[01m[Kmsg[m[Kâ€™?
[1.237s]    24 |         rcl_interfaces::[01;31m[KMsg[m[K::SetParametersResult paramChangeCallback(const std::vector<rclcpp::Parameter> &parameters)  //define the parameterChangeCallback function did this after assigning it to teh simple paramter
[1.237s]       |                         [01;31m[K^~~[m[K
[1.237s]       |                         [32m[Kmsg[m[K
[1.237s] [01m[K/home/taishawn/ros2bot_ws/src/ros_2_bot_cpp/src/simple_parameter.cpp:50:2:[m[K [01;31m[Kerror: [m[Kexpected â€˜[01m[K;[m[Kâ€™ after class definition
[1.237s]    50 | }
[1.237s]       |  [01;31m[K^[m[K
[1.237s]       |  [32m[K;[m[K
[1.238s] [01m[K/home/taishawn/ros2bot_ws/src/ros_2_bot_cpp/src/simple_parameter.cpp:[m[K In constructor â€˜[01m[KSimpleParamiter::SimpleParamiter()[m[Kâ€™:
[1.239s] [01m[K/home/taishawn/ros2bot_ws/src/ros_2_bot_cpp/src/simple_parameter.cpp:14:31:[m[K [01;31m[Kerror: [m[Kâ€˜[01m[Kstring[m[Kâ€™ was not declared in this scope
[1.239s]    14 |             declare_parameter<[01;31m[Kstring[m[K>("simple_string_param", "Taishawn");//samthing as above but a string
[1.239s]       |                               [01;31m[K^~~~~~[m[K
[1.239s] [01m[K/home/taishawn/ros2bot_ws/src/ros_2_bot_cpp/src/simple_parameter.cpp:14:31:[m[K [01;36m[Knote: [m[Ksuggested alternatives:
[1.239s] In file included from [01m[K/usr/include/c++/11/iosfwd:39[m[K,
[1.239s]                  from [01m[K/usr/include/c++/11/bits/shared_ptr.h:52[m[K,
[1.239s]                  from [01m[K/usr/include/c++/11/memory:77[m[K,
[1.239s]                  from [01m[K/opt/ros/humble/include/rclcpp/rclcpp/rclcpp.hpp:153[m[K,
[1.239s]                  from [01m[K/home/taishawn/ros2bot_ws/src/ros_2_bot_cpp/src/simple_parameter.cpp:1[m[K:
[1.239s] [01m[K/usr/include/c++/11/bits/stringfwd.h:79:33:[m[K [01;36m[Knote: [m[K  â€˜[01m[Kstd::string[m[Kâ€™
[1.239s]    79 |   typedef basic_string<char>    [01;36m[Kstring[m[K;
[1.239s]       |                                 [01;36m[K^~~~~~[m[K
[1.239s] In file included from [01m[K/usr/include/c++/11/stdexcept:39[m[K,
[1.239s]                  from [01m[K/usr/include/c++/11/system_error:41[m[K,
[1.239s]                  from [01m[K/usr/include/c++/11/mutex:42[m[K,
[1.239s]                  from [01m[K/usr/include/c++/11/future:38[m[K,
[1.239s]                  from [01m[K/opt/ros/humble/include/rclcpp/rclcpp/executors.hpp:18[m[K,
[1.239s]                  from [01m[K/opt/ros/humble/include/rclcpp/rclcpp/rclcpp.hpp:155[m[K,
[1.239s]                  from [01m[K/home/taishawn/ros2bot_ws/src/ros_2_bot_cpp/src/simple_parameter.cpp:1[m[K:
[1.239s] [01m[K/usr/include/c++/11/string:67:11:[m[K [01;36m[Knote: [m[K  â€˜[01m[Kstd::pmr::string[m[Kâ€™
[1.239s]    67 |     using [01;36m[Kstring[m[K    = basic_string<char>;
[1.239s]       |           [01;36m[K^~~~~~[m[K
[1.239s] [01m[K/home/taishawn/ros2bot_ws/src/ros_2_bot_cpp/src/simple_parameter.cpp:14:38:[m[K [01;31m[Kerror: [m[Kno matching function for call to â€˜[01m[KSimpleParamiter::declare_parameter<<expression error> >(const char [20], const char [9])[m[Kâ€™
[1.239s]    14 |             [01;31m[Kdeclare_parameter<string>("simple_string_param", "Taishawn")[m[K;//samthing as above but a string
[1.239s]       |             [01;31m[K~~~~~~~~~~~~~~~~~~~~~~~~~^~~~~~~~~~~~~~~~~~~~~~~~~~~~~~~~~~~[m[K
[1.239s] In file included from [01m[K/opt/ros/humble/include/rclcpp/rclcpp/node.hpp:1321[m[K,
[1.239s]                  from [01m[K/opt/ros/humble/include/rclcpp/rclcpp/executors/single_threaded_executor.hpp:28[m[K,
[1.239s]                  from [01m[K/opt/ros/humble/include/rclcpp/rclcpp/executors.hpp:22[m[K,
[1.239s]                  from [01m[K/opt/ros/humble/include/rclcpp/rclcpp/rclcpp.hpp:155[m[K,
[1.239s]                  from [01m[K/home/taishawn/ros2bot_ws/src/ros_2_bot_cpp/src/simple_parameter.cpp:1[m[K:
[1.240s] [01m[K/opt/ros/humble/include/rclcpp/rclcpp/node_impl.hpp:195:1:[m[K [01;36m[Knote: [m[Kcandidate: â€˜[01m[Ktemplate<class ParameterT> auto rclcpp::Node::declare_parameter(const string&, const ParameterT&, const ParameterDescriptor&, bool)[m[Kâ€™
[1.240s]   195 | [01;36m[KNode[m[K::declare_parameter(
[1.240s]       | [01;36m[K^~~~[m[K
[1.240s] [01m[K/opt/ros/humble/include/rclcpp/rclcpp/node_impl.hpp:195:1:[m[K [01;36m[Knote: [m[K  template argument deduction/substitution failed:
[1.240s] [01m[K/home/taishawn/ros2bot_ws/src/ros_2_bot_cpp/src/simple_parameter.cpp:14:38:[m[K [01;31m[Kerror: [m[Ktemplate argument 1 is invalid
[1.240s]    14 |             [01;31m[Kdeclare_parameter<string>("simple_string_param", "Taishawn")[m[K;//samthing as above but a string
[1.240s]       |             [01;31m[K~~~~~~~~~~~~~~~~~~~~~~~~~^~~~~~~~~~~~~~~~~~~~~~~~~~~~~~~~~~~[m[K
[1.240s] In file included from [01m[K/opt/ros/humble/include/rclcpp/rclcpp/executors/single_threaded_executor.hpp:28[m[K,
[1.240s]                  from [01m[K/opt/ros/humble/include/rclcpp/rclcpp/executors.hpp:22[m[K,
[1.240s]                  from [01m[K/opt/ros/humble/include/rclcpp/rclcpp/rclcpp.hpp:155[m[K,
[1.240s]                  from [01m[K/home/taishawn/ros2bot_ws/src/ros_2_bot_cpp/src/simple_parameter.cpp:1[m[K:
[1.240s] [01m[K/opt/ros/humble/include/rclcpp/rclcpp/node.hpp:434:3:[m[K [01;36m[Knote: [m[Kcandidate: â€˜[01m[Ktemplate<class ParameterT> auto rclcpp::Node::declare_parameter(const string&, const ParameterDescriptor&, bool)[m[Kâ€™
[1.240s]   434 |   [01;36m[Kdeclare_parameter[m[K(
[1.240s]       |   [01;36m[K^~~~~~~~~~~~~~~~~[m[K
[1.240s] [01m[K/opt/ros/humble/include/rclcpp/rclcpp/node.hpp:434:3:[m[K [01;36m[Knote: [m[K  template argument deduction/substitution failed:
[1.240s] [01m[K/home/taishawn/ros2bot_ws/src/ros_2_bot_cpp/src/simple_parameter.cpp:14:38:[m[K [01;31m[Kerror: [m[Ktemplate argument 1 is invalid
[1.240s]    14 |             [01;31m[Kdeclare_parameter<string>("simple_string_param", "Taishawn")[m[K;//samthing as above but a string
[1.240s]       |             [01;31m[K~~~~~~~~~~~~~~~~~~~~~~~~~^~~~~~~~~~~~~~~~~~~~~~~~~~~~~~~~~~~[m[K
[1.245s] [01m[K/home/taishawn/ros2bot_ws/src/ros_2_bot_cpp/src/simple_parameter.cpp:17:9:[m[K [01;31m[Kerror: [m[Kâ€˜[01m[Kparam_callback_handle_[m[Kâ€™ was not declared in this scope
[1.245s]    17 |         [01;31m[Kparam_callback_handle_[m[K =  add_on_set_parameters_callback(std::bind(&SimpleParameter::paramChangeCallback), this, _1);//callback is executed when one or more parameters that are deffined are changed
[1.245s]       |         [01;31m[K^~~~~~~~~~~~~~~~~~~~~~[m[K
[1.245s] [01m[K/home/taishawn/ros2bot_ws/src/ros_2_bot_cpp/src/simple_parameter.cpp:17:77:[m[K [01;31m[Kerror: [m[Kâ€˜[01m[KSimpleParameter[m[Kâ€™ has not been declared
[1.245s]    17 |         param_callback_handle_ =  add_on_set_parameters_callback(std::bind(&[01;31m[KSimpleParameter[m[K::paramChangeCallback), this, _1);//callback is executed when one or more parameters that are deffined are changed
[1.245s]       |                                                                             [01;31m[K^~~~~~~~~~~~~~~[m[K
[1.247s] [01m[K/home/taishawn/ros2bot_ws/src/ros_2_bot_cpp/src/simple_parameter.cpp:[m[K In function â€˜[01m[Kint main(int, char**)[m[Kâ€™:
[1.247s] [01m[K/home/taishawn/ros2bot_ws/src/ros_2_bot_cpp/src/simple_parameter.cpp:56:34:[m[K [01;31m[Kerror: [m[Kâ€˜[01m[KSimpleParameter[m[Kâ€™ was not declared in this scope; did you mean â€˜[01m[KSimpleParamiter[m[Kâ€™?
[1.247s]    56 |     auto node = std::make_shared<[01;31m[KSimpleParameter[m[K>();
[1.247s]       |                                  [01;31m[K^~~~~~~~~~~~~~~[m[K
[1.247s]       |                                  [32m[KSimpleParamiter[m[K
[1.247s] [01m[K/home/taishawn/ros2bot_ws/src/ros_2_bot_cpp/src/simple_parameter.cpp:56:50:[m[K [01;31m[Kerror: [m[Kno matching function for call to â€˜[01m[Kmake_shared<<expression error> >()[m[Kâ€™
[1.247s]    56 |     auto node = [01;31m[Kstd::make_shared<SimpleParameter>()[m[K;
[1.247s]       |                 [01;31m[K~~~~~~~~~~~~~~~~~~~~~~~~~~~~~~~~~^~[m[K
[1.247s] In file included from [01m[K/usr/include/c++/11/memory:77[m[K,
[1.247s]                  from [01m[K/opt/ros/humble/include/rclcpp/rclcpp/rclcpp.hpp:153[m[K,
[1.247s]                  from [01m[K/home/taishawn/ros2bot_ws/src/ros_2_bot_cpp/src/simple_parameter.cpp:1[m[K:
[1.247s] [01m[K/usr/include/c++/11/bits/shared_ptr.h:875:5:[m[K [01;36m[Knote: [m[Kcandidate: â€˜[01m[Ktemplate<class _Tp, class ... _Args> std::shared_ptr<_Tp> std::make_shared(_Args&& ...)[m[Kâ€™
[1.247s]   875 |     [01;36m[Kmake_shared[m[K(_Args&&... __args)
[1.247s]       |     [01;36m[K^~~~~~~~~~~[m[K
[1.247s] [01m[K/usr/include/c++/11/bits/shared_ptr.h:875:5:[m[K [01;36m[Knote: [m[K  template argument deduction/substitution failed:
[1.247s] [01m[K/home/taishawn/ros2bot_ws/src/ros_2_bot_cpp/src/simple_parameter.cpp:56:50:[m[K [01;31m[Kerror: [m[Ktemplate argument 1 is invalid
[1.247s]    56 |     auto node = [01;31m[Kstd::make_shared<SimpleParameter>()[m[K;
[1.247s]       |                 [01;31m[K~~~~~~~~~~~~~~~~~~~~~~~~~~~~~~~~~^~[m[K
[1.247s] [01m[K/home/taishawn/ros2bot_ws/src/ros_2_bot_cpp/src/simple_parameter.cpp:58:13:[m[K [01;31m[Kerror: [m[Kâ€˜[01m[Kshuttdown[m[Kâ€™ is not a member of â€˜[01m[Krclcpp[m[Kâ€™; did you mean â€˜[01m[Kshutdown[m[Kâ€™?
[1.247s]    58 |     rclcpp::[01;31m[Kshuttdown[m[K();
[1.247s]       |             [01;31m[K^~~~~~~~~[m[K
[1.247s]       |             [32m[Kshutdown[m[K
[1.458s] gmake[2]: *** [CMakeFiles/simple_parameter.dir/build.make:76: CMakeFiles/simple_parameter.dir/src/simple_parameter.cpp.o] Error 1
[1.458s] gmake[1]: *** [CMakeFiles/Makefile2:193: CMakeFiles/simple_parameter.dir/all] Error 2
[1.458s] gmake: *** [Makefile:146: all] Error 2
[1.460s] Invoked command in '/home/taishawn/ros2bot_ws/build/ros_2_bot_cpp' returned '2': CMAKE_PREFIX_PATH=${CMAKE_PREFIX_PATH}:/opt/ros/humble /usr/bin/cmake --build /home/taishawn/ros2bot_ws/build/ros_2_bot_cpp -- -j24 -l24
