[0.007s] Invoking command in '/home/taishawn/ros2bot_ws/build/ros2_bot_description': /usr/bin/cmake --build /home/taishawn/ros2bot_ws/build/ros2_bot_description -- -j24 -l24
[0.021s] -- Found ament_cmake: 1.3.10 (/opt/ros/humble/share/ament_cmake/cmake)
[0.111s] Error parsing '/home/taishawn/ros2bot_ws/src/ros2_bot_description/package.xml':
[0.132s] Traceback (most recent call last):
[0.132s]   File "/opt/ros/humble/share/ament_cmake_core/cmake/core/package_xml_2_cmake.py", line 150, in <module>
[0.132s]     main()
[0.132s]   File "/opt/ros/humble/share/ament_cmake_core/cmake/core/package_xml_2_cmake.py", line 53, in main
[0.132s]     raise e
[0.132s]   File "/opt/ros/humble/share/ament_cmake_core/cmake/core/package_xml_2_cmake.py", line 49, in main
[0.133s]     package = parse_package_string(
[0.133s]   File "/usr/lib/python3/dist-packages/catkin_pkg/package.py", line 788, in parse_package_string
[0.133s]     pkg.validate(warnings=warnings)
[0.133s]   File "/usr/lib/python3/dist-packages/catkin_pkg/package.py", line 330, in validate
[0.133s]     raise InvalidPackage('\n'.join(errors), self.filename)
[0.133s] catkin_pkg.package.InvalidPackage: Error(s) in package '/home/taishawn/ros2bot_ws/src/ros2_bot_description/package.xml':
[0.133s] Invalid email "taishawnking" for person "Taishawn"
[0.140s] [31mCMake Error at /opt/ros/humble/share/ament_cmake_core/cmake/core/ament_package_xml.cmake:95 (message):
[0.140s]   execute_process(/usr/bin/python3
[0.140s]   /opt/ros/humble/share/ament_cmake_core/cmake/core/package_xml_2_cmake.py
[0.140s]   /home/taishawn/ros2bot_ws/src/ros2_bot_description/package.xml
[0.140s]   /home/taishawn/ros2bot_ws/build/ros2_bot_description/ament_cmake_core/package.cmake)
[0.140s]   returned error code 1
[0.140s] Call Stack (most recent call first):
[0.140s]   /opt/ros/humble/share/ament_cmake_core/cmake/core/ament_package_xml.cmake:49 (_ament_package_xml)
[0.140s]   /opt/ros/humble/share/ament_cmake_core/cmake/core/ament_package.cmake:63 (ament_package_xml)
[0.140s]   CMakeLists.txt:11 (ament_package)
[0.140s] 
[0.140s] [0m
[0.140s] -- Configuring incomplete, errors occurred!
[0.140s] See also "/home/taishawn/ros2bot_ws/build/ros2_bot_description/CMakeFiles/CMakeOutput.log".
[0.142s] gmake: *** [Makefile:226: cmake_check_build_system] Error 1
[0.143s] Invoked command in '/home/taishawn/ros2bot_ws/build/ros2_bot_description' returned '2': /usr/bin/cmake --build /home/taishawn/ros2bot_ws/build/ros2_bot_description -- -j24 -l24
