[0.007s] Invoking command in '/home/taishawn/ros2bot_ws/build/ros_2_bot_cpp': CMAKE_PREFIX_PATH=${CMAKE_PREFIX_PATH}:/opt/ros/humble /usr/bin/cmake --build /home/taishawn/ros2bot_ws/build/ros_2_bot_cpp -- -j24 -l24
[0.021s] -- Found ament_cmake: 1.3.10 (/opt/ros/humble/share/ament_cmake/cmake)
[0.083s] -- Found rclcpp: 16.0.10 (/opt/ros/humble/share/rclcpp/cmake)
[0.097s] -- Found rosidl_generator_c: 3.1.5 (/opt/ros/humble/share/rosidl_generator_c/cmake)
[0.098s] -- Found rosidl_adapter: 3.1.5 (/opt/ros/humble/share/rosidl_adapter/cmake)
[0.101s] -- Found rosidl_generator_cpp: 3.1.5 (/opt/ros/humble/share/rosidl_generator_cpp/cmake)
[0.105s] -- Using all available rosidl_typesupport_c: rosidl_typesupport_fastrtps_c;rosidl_typesupport_introspection_c
[0.111s] -- Using all available rosidl_typesupport_cpp: rosidl_typesupport_fastrtps_cpp;rosidl_typesupport_introspection_cpp
[0.126s] -- Found rmw_implementation_cmake: 6.1.2 (/opt/ros/humble/share/rmw_implementation_cmake/cmake)
[0.126s] -- Found rmw_fastrtps_cpp: 6.2.7 (/opt/ros/humble/share/rmw_fastrtps_cpp/cmake)
[0.186s] -- Using RMW implementation 'rmw_fastrtps_cpp' as default
[0.210s] -- Found ament_lint_auto: 0.12.11 (/opt/ros/humble/share/ament_lint_auto/cmake)
[0.245s] -- Added test 'cppcheck' to perform static code analysis on C / C++ code
[0.245s] -- Configured cppcheck include dirs: 
[0.245s] -- Configured cppcheck exclude dirs and/or files: 
[0.245s] -- Added test 'lint_cmake' to check CMake code style
[0.246s] -- Added test 'uncrustify' to check C / C++ code style
[0.246s] -- Configured uncrustify additional arguments: 
[0.246s] -- Added test 'xmllint' to check XML markup files
[0.246s] -- Configuring done
[0.254s] -- Generating done
[0.255s] -- Build files have been written to: /home/taishawn/ros2bot_ws/build/ros_2_bot_cpp
[0.274s] [35m[1mConsolidate compiler generated dependencies of target simple_subscriber[0m
[0.274s] [35m[1mConsolidate compiler generated dependencies of target simple_publisher[0m
[0.281s] [ 16%] [32mBuilding CXX object CMakeFiles/simple_parameter.dir/src/simple_parameter.cpp.o[0m
[0.286s] [ 50%] Built target simple_subscriber
[0.287s] [01m[K/home/taishawn/ros2bot_ws/src/ros_2_bot_cpp/src/simple_parameter.cpp:1:9:[m[K [01;31m[Kfatal error: [m[Krclcpp/rclpp.hpp: No such file or directory
[0.287s]     1 | #include[01;31m[K<rclcpp/rclpp.hpp>[m[K
[0.288s]       |         [01;31m[K^~~~~~~~~~~~~~~~~~[m[K
[0.288s] compilation terminated.
[0.288s] [ 83%] Built target simple_publisher
[0.288s] gmake[2]: *** [CMakeFiles/simple_parameter.dir/build.make:76: CMakeFiles/simple_parameter.dir/src/simple_parameter.cpp.o] Error 1
[0.288s] gmake[1]: *** [CMakeFiles/Makefile2:193: CMakeFiles/simple_parameter.dir/all] Error 2
[0.288s] gmake[1]: *** Waiting for unfinished jobs....
[0.289s] gmake: *** [Makefile:146: all] Error 2
[0.291s] Invoked command in '/home/taishawn/ros2bot_ws/build/ros_2_bot_cpp' returned '2': CMAKE_PREFIX_PATH=${CMAKE_PREFIX_PATH}:/opt/ros/humble /usr/bin/cmake --build /home/taishawn/ros2bot_ws/build/ros_2_bot_cpp -- -j24 -l24
