<?xml version="1.0" encoding="UTF-8"?>
<Site BuildName="(empty)"
	BuildStamp="20241103-1937-Experimental"
	Name="taishawn-System-Product-Name"
	Generator="ctest-3.22.1"
	CompilerName="/usr/bin/g++"
	CompilerVersion="11.4.0"
	OSName="Linux"
	Hostname="taishawn-System-Product-Name"
	OSRelease="6.8.0-47-generic"
	OSVersion="#47~22.04.1-Ubuntu SMP PREEMPT_DYNAMIC Wed Oct  2 16:16:55 UTC 2"
	OSPlatform="x86_64"
	Is64Bits="1"
	VendorString="AuthenticAMD"
	VendorID="Advanced Micro Devices"
	FamilyID="25"
	ModelID="97"
	ProcessorCacheSize="1024"
	NumberOfLogicalCPU="24"
	NumberOfPhysicalCPU="12"
	TotalVirtualMemory="0"
	TotalPhysicalMemory="128008"
	LogicalProcessorsPerPhysical="2"
	ProcessorClockFrequency="5334.99"
	>
	<Testing>
		<StartDateTime>Nov 03 13:37 CST</StartDateTime>
		<StartTestTime>1730662622</StartTestTime>
		<TestList/>
		<EndDateTime>Nov 03 13:37 CST</EndDateTime>
		<EndTestTime>1730662622</EndTestTime>
		<ElapsedMinutes>0</ElapsedMinutes>
	</Testing>
</Site>
