<?xml version="1.0" encoding="UTF-8"?>
<Site BuildName="(empty)"
	BuildStamp="20240905-1746-Experimental"
	Name="taishawn-System-Product-Name"
	Generator="ctest-3.22.1"
	CompilerName="/usr/bin/g++"
	CompilerVersion="11.4.0"
	OSName="Linux"
	Hostname="taishawn-System-Product-Name"
	OSRelease="6.8.0-40-generic"
	OSVersion="#40~22.04.3-Ubuntu SMP PREEMPT_DYNAMIC Tue Jul 30 17:30:19 UTC 2"
	OSPlatform="x86_64"
	Is64Bits="1"
	VendorString="AuthenticAMD"
	VendorID="Advanced Micro Devices"
	FamilyID="25"
	ModelID="97"
	ProcessorCacheSize="1024"
	NumberOfLogicalCPU="24"
	NumberOfPhysicalCPU="12"
	TotalVirtualMemory="0"
	TotalPhysicalMemory="128010"
	LogicalProcessorsPerPhysical="2"
	ProcessorClockFrequency="5264.85"
	>
	<Testing>
		<StartDateTime>Sep 05 12:46 CDT</StartDateTime>
		<StartTestTime>1725558417</StartTestTime>
		<TestList/>
		<EndDateTime>Sep 05 12:46 CDT</EndDateTime>
		<EndTestTime>1725558417</EndTestTime>
		<ElapsedMinutes>0</ElapsedMinutes>
	</Testing>
</Site>
