<?xml version="1.0" encoding="UTF-8"?>
<Site BuildName="(empty)"
	BuildStamp="20241011-0141-Experimental"
	Name="taishawn-System-Product-Name"
	Generator="ctest-3.22.1"
	CompilerName="/usr/bin/g++"
	CompilerVersion="11.4.0"
	OSName="Linux"
	Hostname="taishawn-System-Product-Name"
	OSRelease="6.8.0-45-generic"
	OSVersion="#45~22.04.1-Ubuntu SMP PREEMPT_DYNAMIC Wed Sep 11 15:25:05 UTC 2"
	OSPlatform="x86_64"
	Is64Bits="1"
	VendorString="AuthenticAMD"
	VendorID="Advanced Micro Devices"
	FamilyID="25"
	ModelID="97"
	ProcessorCacheSize="1024"
	NumberOfLogicalCPU="24"
	NumberOfPhysicalCPU="12"
	TotalVirtualMemory="0"
	TotalPhysicalMemory="128008"
	LogicalProcessorsPerPhysical="2"
	ProcessorClockFrequency="5323.11"
	>
	<Testing>
		<StartDateTime>Oct 10 20:41 CDT</StartDateTime>
		<StartTestTime>1728610868</StartTestTime>
		<TestList/>
		<EndDateTime>Oct 10 20:41 CDT</EndDateTime>
		<EndTestTime>1728610868</EndTestTime>
		<ElapsedMinutes>0</ElapsedMinutes>
	</Testing>
</Site>
