[0.007s] Invoking command in '/home/taishawn/ros2bot_ws/build/ros_2_bot_cpp': CMAKE_PREFIX_PATH=${CMAKE_PREFIX_PATH}:/opt/ros/humble /usr/bin/cmake --build /home/taishawn/ros2bot_ws/build/ros_2_bot_cpp -- -j24 -l24
[0.033s] [35m[1mConsolidate compiler generated dependencies of target simple_parameter[0m
[0.040s] [ 33%] Built target simple_publisher
[0.040s] [ 66%] Built target simple_subscriber
[0.044s] [ 83%] [32mBuilding CXX object CMakeFiles/simple_parameter.dir/src/simple_parameter.cpp.o[0m
[1.191s] In file included from [01m[K/usr/include/c++/11/pstl/glue_algorithm_defs.h:13[m[K,
[1.191s]                  from [01m[K/usr/include/c++/11/algorithm:74[m[K,
[1.191s]                  from [01m[K/opt/ros/humble/include/rclcpp/rclcpp/executor.hpp:18[m[K,
[1.191s]                  from [01m[K/opt/ros/humble/include/rclcpp/rclcpp/executors/multi_threaded_executor.hpp:25[m[K,
[1.191s]                  from [01m[K/opt/ros/humble/include/rclcpp/rclcpp/executors.hpp:21[m[K,
[1.191s]                  from [01m[K/opt/ros/humble/include/rclcpp/rclcpp/rclcpp.hpp:155[m[K,
[1.191s]                  from [01m[K/home/taishawn/ros2bot_ws/src/ros_2_bot_cpp/src/simple_parameter.cpp:1[m[K:
[1.191s] /usr/include/c++/11/functional: In instantiation of â€˜[01m[Kstruct std::_Bind_check_arity<rcl_interfaces::msg::SetParametersResult_<std::allocator<void> > (SimpleParameter::*)(const std::vector<rclcpp::Parameter>&)>[m[Kâ€™:
[1.192s] [01m[K/usr/include/c++/11/functional:768:12:[m[K   required from â€˜[01m[Kstruct std::_Bind_helper<false, rcl_interfaces::msg::SetParametersResult_<std::allocator<void> > (SimpleParameter::*)(const std::vector<rclcpp::Parameter>&)>[m[Kâ€™
[1.192s] [01m[K/usr/include/c++/11/functional:789:5:[m[K   required by substitution of â€˜[01m[Ktemplate<class _Func, class ... _BoundArgs> typename std::_Bind_helper<std::__is_socketlike<_Func>::value, _Func, _BoundArgs ...>::type std::bind(_Func&&, _BoundArgs&& ...) [with _Func = rcl_interfaces::msg::SetParametersResult_<std::allocator<void> > (SimpleParameter::*)(const std::vector<rclcpp::Parameter>&); _BoundArgs = {}][m[Kâ€™
[1.192s] [01m[K/home/taishawn/ros2bot_ws/src/ros_2_bot_cpp/src/simple_parameter.cpp:17:75:[m[K   required from here
[1.192s] [01m[K/usr/include/c++/11/functional:756:21:[m[K [01;31m[Kerror: [m[Kstatic assertion failed: Wrong number of arguments for pointer-to-member
[1.192s]   755 |       static_assert(_Varargs::[01;31m[Kvalue[m[K
[1.192s]       |                               [01;31m[K~~~~~[m[K
[1.192s]   756 | [01;31m[K                    ? sizeof...(_BoundArgs) >= _Arity::value + 1[m[K
[1.192s]       |                     [01;31m[K^~~~~~~~~~~~~~~~~~~~~~~~~~~~~~~~~~~~~~~~~~~~[m[K
[1.192s]   757 | [01;31m[K                    : sizeof...(_BoundArgs) == _Arity::value + 1[m[K,
[1.192s]       |                     [01;31m[K~~~~~~~~~~~~~~~~~~~~~~~~~~~~~~~~~~~~~~~~~~~~[m[K
[1.192s] [01m[K/usr/include/c++/11/functional:756:21:[m[K [01;36m[Knote: [m[Kâ€˜[01m[K(false ? (0 >= (((long unsigned int)std::integral_constant<long unsigned int, 1>::value) + 1)) : (0 == (((long unsigned int)std::integral_constant<long unsigned int, 1>::value) + 1)))[m[Kâ€™ evaluates to false
[1.192s] /usr/include/c++/11/functional: In substitution of â€˜[01m[Ktemplate<class _Functor, class ... _Bound_args> template<class _Fn, class _CallArgs, class ... _BArgs> using _Res_type_impl = typename std::result_of<_Fn&(decltype (std::_Mu<typename std::remove_cv<_BArgs>::type, std::is_bind_expression<typename std::remove_cv<_BArgs>::type>::value, (std::is_placeholder<typename std::remove_cv<_BArgs>::type>::value > 0)>()(declval<_BArgs&>(), declval<_CallArgs&>()))&& ...)>::type [with _Fn = rcl_interfaces::msg::SetParametersResult_<std::allocator<void> > (SimpleParameter::*)(const std::vector<rclcpp::Parameter>&); _CallArgs = _CallArgs; _BArgs = {}; _Functor = rcl_interfaces::msg::SetParametersResult_<std::allocator<void> > (SimpleParameter::*)(const std::vector<rclcpp::Parameter>&); _Bound_args = {}][m[Kâ€™:
[1.192s] [01m[K/usr/include/c++/11/functional:468:8:[m[K   required from â€˜[01m[Kclass std::_Bind<rcl_interfaces::msg::SetParametersResult_<std::allocator<void> > (SimpleParameter::*())(const std::vector<rclcpp::Parameter>&)>[m[Kâ€™
[1.192s] [01m[K/home/taishawn/ros2bot_ws/src/ros_2_bot_cpp/src/simple_parameter.cpp:17:75:[m[K   required from here
[1.192s] [01m[K/usr/include/c++/11/functional:464:15:[m[K [01;31m[Kerror: [m[Kno type named â€˜[01m[Ktype[m[Kâ€™ in â€˜[01m[Kstruct std::result_of<rcl_interfaces::msg::SetParametersResult_<std::allocator<void> > (SimpleParameter::*&())(const std::vector<rclcpp::Parameter>&)>[m[Kâ€™
[1.192s]   464 |         using [01;31m[K_Res_type_impl[m[K
[1.192s]       |               [01;31m[K^~~~~~~~~~~~~~[m[K
[1.192s] /usr/include/c++/11/functional: In substitution of â€˜[01m[Ktemplate<class _Functor, class ... _Bound_args> template<class _Fn, class _CallArgs, class ... _BArgs> using _Res_type_impl = typename std::result_of<_Fn&(decltype (std::_Mu<typename std::remove_cv<_BArgs>::type, std::is_bind_expression<typename std::remove_cv<_BArgs>::type>::value, (std::is_placeholder<typename std::remove_cv<_BArgs>::type>::value > 0)>()(declval<_BArgs&>(), declval<_CallArgs&>()))&& ...)>::type [with _Fn = rcl_interfaces::msg::SetParametersResult_<std::allocator<void> > (SimpleParameter::*)(const std::vector<rclcpp::Parameter>&); _CallArgs = std::tuple<_Tps ...>; _BArgs = {}; _Functor = rcl_interfaces::msg::SetParametersResult_<std::allocator<void> > (SimpleParameter::*)(const std::vector<rclcpp::Parameter>&); _Bound_args = {}][m[Kâ€™:
[1.192s] [01m[K/usr/include/c++/11/functional:468:8:[m[K   required by substitution of â€˜[01m[Ktemplate<class _Functor, class ... _Bound_args> template<class _CallArgs> using _Res_type = std::_Bind<_Functor(_Bound_args ...)>::_Res_type_impl<_Functor, _CallArgs, _Bound_args ...> [with _CallArgs = std::tuple<_Tps ...>; _Functor = rcl_interfaces::msg::SetParametersResult_<std::allocator<void> > (SimpleParameter::*)(const std::vector<rclcpp::Parameter>&); _Bound_args = {}][m[Kâ€™
[1.192s] [01m[K/usr/include/c++/11/functional:501:2:[m[K   required from â€˜[01m[Kclass std::_Bind<rcl_interfaces::msg::SetParametersResult_<std::allocator<void> > (SimpleParameter::*())(const std::vector<rclcpp::Parameter>&)>[m[Kâ€™
[1.192s] [01m[K/home/taishawn/ros2bot_ws/src/ros_2_bot_cpp/src/simple_parameter.cpp:17:75:[m[K   required from here
[1.192s] [01m[K/usr/include/c++/11/functional:464:15:[m[K [01;31m[Kerror: [m[Kno type named â€˜[01m[Ktype[m[Kâ€™ in â€˜[01m[Kstruct std::result_of<rcl_interfaces::msg::SetParametersResult_<std::allocator<void> > (SimpleParameter::*&())(const std::vector<rclcpp::Parameter>&)>[m[Kâ€™
[1.192s] [01m[K/home/taishawn/ros2bot_ws/src/ros_2_bot_cpp/src/simple_parameter.cpp:[m[K In constructor â€˜[01m[KSimpleParameter::SimpleParameter()[m[Kâ€™:
[1.192s] [01m[K/home/taishawn/ros2bot_ws/src/ros_2_bot_cpp/src/simple_parameter.cpp:17:65:[m[K [01;31m[Kerror: [m[Kno matching function for call to â€˜[01m[KSimpleParameter::add_on_set_parameters_callback(std::_Bind_helper<false, rcl_interfaces::msg::SetParametersResult_<std::allocator<void> > (SimpleParameter::*)(const std::vector<rclcpp::Parameter>&)>::type, SimpleParameter*, const std::_Placeholder<1>&)[m[Kâ€™
[1.192s]    17 |         param_callback_handle_ =  [01;31m[Kadd_on_set_parameters_callback(std::bind(&SimpleParameter::paramChangeCallback), this, _1)[m[K;//callback is executed when one or more parameters that are deffined are changed
[1.192s]       |                                   [01;31m[K~~~~~~~~~~~~~~~~~~~~~~~~~~~~~~^~~~~~~~~~~~~~~~~~~~~~~~~~~~~~~~~~~~~~~~~~~~~~~~~~~~~~~~~~~~[m[K
[1.192s] In file included from [01m[K/opt/ros/humble/include/rclcpp/rclcpp/executors/single_threaded_executor.hpp:28[m[K,
[1.192s]                  from [01m[K/opt/ros/humble/include/rclcpp/rclcpp/executors.hpp:22[m[K,
[1.192s]                  from [01m[K/opt/ros/humble/include/rclcpp/rclcpp/rclcpp.hpp:155[m[K,
[1.192s]                  from [01m[K/home/taishawn/ros2bot_ws/src/ros_2_bot_cpp/src/simple_parameter.cpp:1[m[K:
[1.192s] [01m[K/opt/ros/humble/include/rclcpp/rclcpp/node.hpp:934:3:[m[K [01;36m[Knote: [m[Kcandidate: â€˜[01m[Krclcpp::node_interfaces::OnSetParametersCallbackHandle::SharedPtr rclcpp::Node::add_on_set_parameters_callback(rclcpp::Node::OnParametersSetCallbackType)[m[Kâ€™
[1.192s]   934 |   [01;36m[Kadd_on_set_parameters_callback[m[K(OnParametersSetCallbackType callback);
[1.192s]       |   [01;36m[K^~~~~~~~~~~~~~~~~~~~~~~~~~~~~~[m[K
[1.192s] [01m[K/opt/ros/humble/include/rclcpp/rclcpp/node.hpp:934:3:[m[K [01;36m[Knote: [m[K  candidate expects 1 argument, 3 provided
[1.192s] [01m[K/home/taishawn/ros2bot_ws/src/ros_2_bot_cpp/src/simple_parameter.cpp:[m[K In member function â€˜[01m[Krcl_interfaces::msg::SetParametersResult SimpleParameter::paramChangeCallback(const std::vector<rclcpp::Parameter>&)[m[Kâ€™:
[1.192s] [01m[K/home/taishawn/ros2bot_ws/src/ros_2_bot_cpp/src/simple_parameter.cpp:30:28:[m[K [01;31m[Kerror: [m[Kâ€˜[01m[Kusing SetParametersResult = struct rcl_interfaces::msg::SetParametersResult_<std::allocator<void> >[m[Kâ€™ {aka â€˜[01m[Kstruct rcl_interfaces::msg::SetParametersResult_<std::allocator<void> >[m[Kâ€™} has no member named â€˜[01m[Ksuccess[m[Kâ€™; did you mean â€˜[01m[Ksuccessful[m[Kâ€™?
[1.192s]    30 |                     result.[01;31m[Ksuccess[m[K = true;}
[1.193s]       |                            [01;31m[K^~~~~~~[m[K
[1.193s]       |                            [32m[Ksuccessful[m[K
[1.193s] [01m[K/home/taishawn/ros2bot_ws/src/ros_2_bot_cpp/src/simple_parameter.cpp:36:28:[m[K [01;31m[Kerror: [m[Kâ€˜[01m[Kusing SetParametersResult = struct rcl_interfaces::msg::SetParametersResult_<std::allocator<void> >[m[Kâ€™ {aka â€˜[01m[Kstruct rcl_interfaces::msg::SetParametersResult_<std::allocator<void> >[m[Kâ€™} has no member named â€˜[01m[Ksuccess[m[Kâ€™; did you mean â€˜[01m[Ksuccessful[m[Kâ€™?
[1.193s]    36 |                     result.[01;31m[Ksuccess[m[K = false;}
[1.193s]       |                            [01;31m[K^~~~~~~[m[K
[1.193s]       |                            [32m[Ksuccessful[m[K
[1.193s] [01m[K/home/taishawn/ros2bot_ws/src/ros_2_bot_cpp/src/simple_parameter.cpp:42:28:[m[K [01;31m[Kerror: [m[Kâ€˜[01m[Kusing SetParametersResult = struct rcl_interfaces::msg::SetParametersResult_<std::allocator<void> >[m[Kâ€™ {aka â€˜[01m[Kstruct rcl_interfaces::msg::SetParametersResult_<std::allocator<void> >[m[Kâ€™} has no member named â€˜[01m[Ksuccess[m[Kâ€™; did you mean â€˜[01m[Ksuccessful[m[Kâ€™?
[1.193s]    42 |                     result.[01;31m[Ksuccess[m[K = true;}
[1.193s]       |                            [01;31m[K^~~~~~~[m[K
[1.193s]       |                            [32m[Ksuccessful[m[K
[1.195s] [01m[K/home/taishawn/ros2bot_ws/src/ros_2_bot_cpp/src/simple_parameter.cpp:[m[K In function â€˜[01m[Kint main(int, char**)[m[Kâ€™:
[1.195s] [01m[K/home/taishawn/ros2bot_ws/src/ros_2_bot_cpp/src/simple_parameter.cpp:57:13:[m[K [01;31m[Kerror: [m[Kâ€˜[01m[Kshuttdown[m[Kâ€™ is not a member of â€˜[01m[Krclcpp[m[Kâ€™; did you mean â€˜[01m[Kshutdown[m[Kâ€™?
[1.195s]    57 |     rclcpp::[01;31m[Kshuttdown[m[K();
[1.195s]       |             [01;31m[K^~~~~~~~~[m[K
[1.195s]       |             [32m[Kshutdown[m[K
[1.411s] gmake[2]: *** [CMakeFiles/simple_parameter.dir/build.make:76: CMakeFiles/simple_parameter.dir/src/simple_parameter.cpp.o] Error 1
[1.411s] gmake[1]: *** [CMakeFiles/Makefile2:193: CMakeFiles/simple_parameter.dir/all] Error 2
[1.411s] gmake: *** [Makefile:146: all] Error 2
[1.413s] Invoked command in '/home/taishawn/ros2bot_ws/build/ros_2_bot_cpp' returned '2': CMAKE_PREFIX_PATH=${CMAKE_PREFIX_PATH}:/opt/ros/humble /usr/bin/cmake --build /home/taishawn/ros2bot_ws/build/ros_2_bot_cpp -- -j24 -l24
